<?xml version="1.0" encoding="UTF-8"?>
<testng-results ignored="0" total="3" passed="2" failed="0" skipped="1">
  <reporter-output>
  </reporter-output>
  <suite started-at="2023-11-22T04:22:56Z" name="Suite" finished-at="2023-11-22T04:25:30Z" duration-ms="153336">
    <groups>
    </groups>
    <test started-at="2023-11-22T04:22:56Z" name="Test" finished-at="2023-11-22T04:25:30Z" duration-ms="153336">
      <class name="test.TC001_RegisterTest">
        <test-method is-config="true" signature="setup()[pri:0, instance:test.TC001_RegisterTest@1700915]" started-at="2023-11-22T09:52:56Z" name="setup" finished-at="2023-11-22T09:52:56Z" duration-ms="18" status="PASS">
          <reporter-output>
          </reporter-output>
        </test-method> <!-- setup -->
        <test-method is-config="true" signature="setup()[pri:0, instance:test.TC002_LogInTest@21de60b4]" started-at="2023-11-22T09:52:56Z" name="setup" finished-at="2023-11-22T09:52:56Z" duration-ms="0" status="PASS">
          <reporter-output>
          </reporter-output>
        </test-method> <!-- setup -->
        <test-method signature="registerTest(java.lang.String, java.lang.String, java.lang.String, java.lang.String, java.lang.String, java.lang.String)[pri:0, instance:test.TC001_RegisterTest@1700915]" started-at="2023-11-22T09:52:59Z" name="registerTest" data-provider="getData" finished-at="2023-11-22T09:52:59Z" duration-ms="0" status="SKIP">
          <exception class="java.lang.RuntimeException">
            <message>
              <![CDATA[java.io.FileNotFoundException: C:\Users\KAVIN ROSHAN\eclipse-workspace\E-Commerce\.\data\Book1.xlsx (The process cannot access the file because it is being used by another process)]]>
            </message>
            <full-stacktrace>
              <![CDATA[java.lang.RuntimeException: java.io.FileNotFoundException: C:\Users\KAVIN ROSHAN\eclipse-workspace\E-Commerce\.\data\Book1.xlsx (The process cannot access the file because it is being used by another process)
	at org.testng.internal.MethodInvocationHelper.invokeMethodNoCheckedException(MethodInvocationHelper.java:49)
	at org.testng.internal.MethodInvocationHelper.invokeDataProvider(MethodInvocationHelper.java:115)
	at org.testng.internal.Parameters.handleParameters(Parameters.java:509)
	at org.testng.internal.Invoker.handleParameters(Invoker.java:1308)
	at org.testng.internal.Invoker.createParameters(Invoker.java:1036)
	at org.testng.internal.Invoker.invokeTestMethods(Invoker.java:1126)
	at org.testng.internal.TestMethodWorker.invokeTestMethods(TestMethodWorker.java:126)
	at org.testng.internal.TestMethodWorker.run(TestMethodWorker.java:109)
	at org.testng.TestRunner.privateRun(TestRunner.java:744)
	at org.testng.TestRunner.run(TestRunner.java:602)
	at org.testng.SuiteRunner.runTest(SuiteRunner.java:380)
	at org.testng.SuiteRunner.runSequentially(SuiteRunner.java:375)
	at org.testng.SuiteRunner.privateRun(SuiteRunner.java:340)
	at org.testng.SuiteRunner.run(SuiteRunner.java:289)
	at org.testng.SuiteRunnerWorker.runSuite(SuiteRunnerWorker.java:52)
	at org.testng.SuiteRunnerWorker.run(SuiteRunnerWorker.java:86)
	at org.testng.TestNG.runSuitesSequentially(TestNG.java:1301)
	at org.testng.TestNG.runSuitesLocally(TestNG.java:1226)
	at org.testng.TestNG.runSuites(TestNG.java:1144)
	at org.testng.TestNG.run(TestNG.java:1115)
	at org.testng.remote.AbstractRemoteTestNG.run(AbstractRemoteTestNG.java:115)
	at org.testng.remote.RemoteTestNG.initAndRun(RemoteTestNG.java:251)
	at org.testng.remote.RemoteTestNG.main(RemoteTestNG.java:77)
Caused by: java.io.FileNotFoundException: C:\Users\KAVIN ROSHAN\eclipse-workspace\E-Commerce\.\data\Book1.xlsx (The process cannot access the file because it is being used by another process)
	at java.base/java.io.FileOutputStream.open0(Native Method)
	at java.base/java.io.FileOutputStream.open(FileOutputStream.java:293)
	at java.base/java.io.FileOutputStream.<init>(FileOutputStream.java:235)
	at java.base/java.io.FileOutputStream.<init>(FileOutputStream.java:184)
	at org.apache.poi.openxml4j.opc.internal.FileHelper.copyFile(FileHelper.java:65)
	at org.apache.poi.openxml4j.opc.ZipPackage.closeImpl(ZipPackage.java:488)
	at org.apache.poi.openxml4j.opc.OPCPackage.close(OPCPackage.java:470)
	at org.apache.poi.ooxml.POIXMLDocument.close(POIXMLDocument.java:189)
	at org.apache.poi.xssf.usermodel.XSSFWorkbook.close(XSSFWorkbook.java:617)
	at utility.Utils.readExcel(Utils.java:85)
	at base.ProjectSpecification.getData(ProjectSpecification.java:25)
	at java.base/jdk.internal.reflect.NativeMethodAccessorImpl.invoke0(Native Method)
	at java.base/jdk.internal.reflect.NativeMethodAccessorImpl.invoke(NativeMethodAccessorImpl.java:77)
	at java.base/jdk.internal.reflect.DelegatingMethodAccessorImpl.invoke(DelegatingMethodAccessorImpl.java:43)
	at java.base/java.lang.reflect.Method.invoke(Method.java:568)
	at org.testng.internal.MethodInvocationHelper.invokeMethod(MethodInvocationHelper.java:108)
	at org.testng.internal.MethodInvocationHelper.invokeMethod(MethodInvocationHelper.java:55)
	at org.testng.internal.MethodInvocationHelper.invokeMethodNoCheckedException(MethodInvocationHelper.java:45)
	... 22 more
]]>
            </full-stacktrace>
          </exception> <!-- java.lang.RuntimeException -->
          <reporter-output>
          </reporter-output>
        </test-method> <!-- registerTest -->
      </class> <!-- test.TC001_RegisterTest -->
      <class name="test.TC002_LogInTest">
        <test-method is-config="true" signature="browserLaunch(java.lang.String, java.lang.String)[pri:0, instance:test.TC002_LogInTest@21de60b4]" started-at="2023-11-22T09:52:59Z" name="browserLaunch" finished-at="2023-11-22T09:53:11Z" duration-ms="11892" status="PASS">
          <params>
            <param index="0">
              <value>
                <![CDATA[chrome]]>
              </value>
            </param>
            <param index="1">
              <value>
                <![CDATA[https://www.bestbuy.com/]]>
              </value>
            </param>
          </params>
          <reporter-output>
          </reporter-output>
        </test-method> <!-- browserLaunch -->
        <test-method signature="logInTest(java.lang.String, java.lang.String)[pri:0, instance:test.TC002_LogInTest@21de60b4]" started-at="2023-11-22T09:53:11Z" name="logInTest" data-provider="getData" finished-at="2023-11-22T09:54:08Z" duration-ms="57238" status="PASS">
          <params>
            <param index="0">
              <value>
                <![CDATA[rovanth1997@gmail.com]]>
              </value>
            </param>
            <param index="1">
              <value>
                <![CDATA[rovanth@12345]]>
              </value>
            </param>
          </params>
          <reporter-output>
          </reporter-output>
        </test-method> <!-- logInTest -->
        <test-method is-config="true" signature="closeBrowser()[pri:0, instance:test.TC002_LogInTest@21de60b4]" started-at="2023-11-22T09:54:08Z" name="closeBrowser" finished-at="2023-11-22T09:54:08Z" duration-ms="1" status="PASS">
          <reporter-output>
          </reporter-output>
        </test-method> <!-- closeBrowser -->
        <test-method is-config="true" signature="browserLaunch(java.lang.String, java.lang.String)[pri:0, instance:test.TC002_LogInTest@21de60b4]" started-at="2023-11-22T09:54:08Z" name="browserLaunch" finished-at="2023-11-22T09:54:21Z" duration-ms="12498" status="PASS">
          <params>
            <param index="0">
              <value>
                <![CDATA[chrome]]>
              </value>
            </param>
            <param index="1">
              <value>
                <![CDATA[https://www.bestbuy.com/]]>
              </value>
            </param>
          </params>
          <reporter-output>
          </reporter-output>
        </test-method> <!-- browserLaunch -->
        <test-method signature="logInTest(java.lang.String, java.lang.String)[pri:0, instance:test.TC002_LogInTest@21de60b4]" started-at="2023-11-22T09:54:21Z" name="logInTest" data-provider="getData" finished-at="2023-11-22T09:55:30Z" duration-ms="69083" status="PASS">
          <params>
            <param index="0">
              <value>
                <![CDATA[]]>
              </value>
            </param>
            <param index="1">
              <value>
                <![CDATA[]]>
              </value>
            </param>
          </params>
          <reporter-output>
          </reporter-output>
        </test-method> <!-- logInTest -->
        <test-method is-config="true" signature="closeBrowser()[pri:0, instance:test.TC002_LogInTest@21de60b4]" started-at="2023-11-22T09:55:30Z" name="closeBrowser" finished-at="2023-11-22T09:55:30Z" duration-ms="1" status="PASS">
          <reporter-output>
          </reporter-output>
        </test-method> <!-- closeBrowser -->
      </class> <!-- test.TC002_LogInTest -->
    </test> <!-- Test -->
  </suite> <!-- Suite -->
</testng-results>
